Build started 10/14/2015 10:17:57 AM.
     1>Project "C:\Users\Gary\Documents\Visual Studio 2015\Projects\Program3_GaryFowler\Program3_GaryFowler\Program3_GaryFowler.vcxproj" on node 2 (Build target(s)).
     1>ClCompile:
         C:\Program Files (x86)\Microsoft Visual Studio 14.0\VC\bin\CL.exe /c /ZI /nologo /W3 /WX- /sdl /Od /Oy- /D WIN32 /D _DEBUG /D _CONSOLE /D _UNICODE /D UNICODE /Gm /EHsc /RTC1 /MDd /GS /fp:precise /Zc:wchar_t /Zc:forScope /Zc:inline /Yc"stdafx.h" /Fp"Debug\Program3_GaryFowler.pch" /Fo"Debug\\" /Fd"Debug\vc140.pdb" /Gd /TP /analyze- /errorReport:prompt stdafx.cpp
         stdafx.cpp
         C:\Program Files (x86)\Microsoft Visual Studio 14.0\VC\bin\CL.exe /c /ZI /nologo /W3 /WX- /sdl /Od /Oy- /D WIN32 /D _DEBUG /D _CONSOLE /D _UNICODE /D UNICODE /Gm /EHsc /RTC1 /MDd /GS /fp:precise /Zc:wchar_t /Zc:forScope /Zc:inline /Yu"stdafx.h" /Fp"Debug\Program3_GaryFowler.pch" /Fo"Debug\\" /Fd"Debug\vc140.pdb" /Gd /TP /analyze- /errorReport:prompt Program3.cpp Program3_GaryFowler.cpp
         Program3_GaryFowler.cpp
         Program3.cpp
     1>c:\users\gary\documents\visual studio 2015\projects\program3_garyfowler\program3_garyfowler\program3.h(17): error C2380: type(s) preceding 'Program3' (constructor with return type, or illegal redefinition of current class-name?)
     1>c:\users\gary\documents\visual studio 2015\projects\program3_garyfowler\program3_garyfowler\program3.h(56): error C2143: syntax error: missing ';' before 'Program3::operator +'
     1>c:\users\gary\documents\visual studio 2015\projects\program3_garyfowler\program3_garyfowler\program3.h(56): error C2433: 'Program3': 'inline' not permitted on data declarations
     1>c:\users\gary\documents\visual studio 2015\projects\program3_garyfowler\program3_garyfowler\program3.h(57): error C4430: missing type specifier - int assumed. Note: C++ does not support default-int
     1>c:\users\gary\documents\visual studio 2015\projects\program3_garyfowler\program3_garyfowler\program3.h(57): error C2556: 'int Program3::operator +(const Program3 &) const': overloaded function differs only by return type from 'Program3 Program3::operator +(const Program3 &) const'
         c:\users\gary\documents\visual studio 2015\projects\program3_garyfowler\program3_garyfowler\program3.h(17): note: see declaration of 'Program3::operator +'
     1>c:\users\gary\documents\visual studio 2015\projects\program3_garyfowler\program3_garyfowler\program3.h(57): error C2371: 'Program3::operator +': redefinition; different basic types
         c:\users\gary\documents\visual studio 2015\projects\program3_garyfowler\program3_garyfowler\program3.h(17): note: see declaration of 'Program3::operator +'
     1>c:\users\gary\documents\visual studio 2015\projects\program3_garyfowler\program3_garyfowler\program3.cpp(6): error C2600: 'Program3::Program3': cannot define a compiler-generated special member function (must be declared in the class first)
     1>c:\users\gary\documents\visual studio 2015\projects\program3_garyfowler\program3_garyfowler\program3.cpp(11): error C2600: 'Program3::~Program3': cannot define a compiler-generated special member function (must be declared in the class first)
         Generating Code...
     1>Done Building Project "C:\Users\Gary\Documents\Visual Studio 2015\Projects\Program3_GaryFowler\Program3_GaryFowler\Program3_GaryFowler.vcxproj" (Build target(s)) -- FAILED.

Build FAILED.

Time Elapsed 00:00:02.92
